<?xml version="1.0" encoding="UTF-8"?>
<!-- Generated by org.testng.reporters.JUnitXMLReporter -->
<testsuite ignored="0" hostname="LAPTOP-OI4V3QJU" failures="0" tests="16" name="Test" time="103.339" errors="0" timestamp="2025-12-31T13:04:58 IST">
  <testcase classname="tests.Logout" name="verifyLogoutfromdropDown" time="2.297"/>
  <testcase classname="tests.Logout" name="verifyLogoutfromMenu" time="2.459"/>
  <testcase classname="tests.Login" name="loginWithValidCredentials" time="2.726"/>
  <testcase classname="tests.Login" name="loginWithInvalidCredentials" time="1.571"/>
  <testcase classname="tests.Login" name="loginWithInvalidEmailAddress" time="1.618"/>
  <testcase classname="tests.Login" name="loginWithInvalidPassword" time="1.672"/>
  <testcase classname="tests.Login" name="loginWithoutEmailPassword" time="1.112"/>
  <testcase classname="tests.Register2" name="verifyRegistrationFunctionalityWithOnlyMandatoryFields" time="8.8"/>
  <testcase classname="tests.Register2" name="verifyRegistrationFunctionalityWithAllFunctionality" time="4.284"/>
  <testcase classname="tests.Register2" name="averifyRegistrationFunctionalityWithNoNewsletter" time="3.451"/>
  <testcase classname="tests.Search" name="serachWithExistingProductName" time="1.071"/>
  <testcase classname="tests.Search" name="searchWithNonExistingProductName" time="0.646"/>
  <testcase classname="tests.Search" name="searchWithBlankSearchField" time="0.495"/>
  <testcase classname="tests.Register" name="verifyRegistrationFunctionalityWithOnlyMandatoryFields" time="3.29"/>
  <testcase classname="tests.Register" name="averifyRegistrationFunctionalityWithAllFunctionality" time="3.803"/>
  <testcase classname="tests.Register" name="averifyRegistrationFunctionalityWithNoNewsletter" time="3.647"/>
</testsuite> <!-- Test -->
