<?xml version="1.0" encoding="UTF-8"?>
<!-- Generated by org.testng.reporters.JUnitXMLReporter -->
<testsuite ignored="4" hostname="LAPTOP-OI4V3QJU" failures="0" tests="1" name="Default test" time="8.378" errors="0" timestamp="2025-12-18T00:11:01 IST">
  <testcase classname="tests.Login" name="loginWithValidCredentials" time="1.934"/>
  <testcase classname="tests.Login" name="loginWithInvalidEmailAddress" time="0.0">
    <ignored/>
  </testcase> <!-- loginWithInvalidEmailAddress -->
  <testcase classname="tests.Login" name="loginWithInvalidCredentials" time="0.0">
    <ignored/>
  </testcase> <!-- loginWithInvalidCredentials -->
  <testcase classname="tests.Login" name="loginWithoutEmailPassword" time="0.0">
    <ignored/>
  </testcase> <!-- loginWithoutEmailPassword -->
  <testcase classname="tests.Login" name="loginWithInvalidPassword" time="0.0">
    <ignored/>
  </testcase> <!-- loginWithInvalidPassword -->
</testsuite> <!-- Default test -->
