<?xml version="1.0" encoding="UTF-8"?>
<!-- Generated by org.testng.reporters.JUnitXMLReporter -->
<testsuite ignored="0" hostname="LAPTOP-OI4V3QJU" failures="0" tests="13" name="Test" time="59.547" errors="0" timestamp="2025-10-23T16:50:08 IST">
  <testcase classname="tests.Login" name="loginWithValidCredentials" time="1.262"/>
  <testcase classname="tests.Login" name="loginWithInvalidCredentials" time="1.018"/>
  <testcase classname="tests.Login" name="loginWithInvalidEmailAddress" time="1.122"/>
  <testcase classname="tests.Login" name="loginWithInvalidPassword" time="1.104"/>
  <testcase classname="tests.Login" name="loginWithoutEmailPassword" time="0.849"/>
  <testcase classname="tests.Logout" name="verifyLogoutfromdropDown" time="1.636"/>
  <testcase classname="tests.Logout" name="verifyLogoutfromMenu" time="1.725"/>
  <testcase classname="tests.Search" name="serachWithExistingProductName" time="0.655"/>
  <testcase classname="tests.Search" name="searchWithNonExistingProductName" time="0.531"/>
  <testcase classname="tests.Search" name="searchWithBlankSearchField" time="0.414"/>
  <testcase classname="tests.Register" name="verifyRegistrationFunctionalityWithOnlyMandatoryFields" time="4.23"/>
  <testcase classname="tests.Register" name="averifyRegistrationFunctionalityWithAllFunctionality" time="3.955"/>
  <testcase classname="tests.Register" name="averifyRegistrationFunctionalityWithNoNewsletter" time="7.127"/>
</testsuite> <!-- Test -->
