<?xml version="1.0" encoding="UTF-8"?>
<testsuite xmlns:xsi="http://www.w3.org/2001/XMLSchema-instance" xsi:noNamespaceSchemaLocation="https://maven.apache.org/surefire/maven-surefire-plugin/xsd/surefire-test-report.xsd" version="3.0.2" name="TestSuite" time="106.656" tests="16" errors="0" skipped="0" failures="0">
  <properties>
[...]
</properties>
  <testcase name="verifyLogoutfromdropDown" classname="tests.Logout" time="2.305">
    <system-err><![CDATA[SLF4J(W): No SLF4J providers were found.
SLF4J(W): Defaulting to no-operation (NOP) logger implementation
SLF4J(W): See https://www.slf4j.org/codes.html#noProviders for further details.
]]></system-err>
  </testcase>
  <testcase name="verifyLogoutfromMenu" classname="tests.Logout" time="2.459"/>
  <testcase name="loginWithValidCredentials" classname="tests.Login" time="2.727"/>
  <testcase name="loginWithInvalidCredentials" classname="tests.Login" time="1.573"/>
  <testcase name="loginWithInvalidEmailAddress" classname="tests.Login" time="1.618"/>
  <testcase name="loginWithInvalidPassword" classname="tests.Login" time="1.671"/>
  <testcase name="loginWithoutEmailPassword" classname="tests.Login" time="1.112"/>
  <testcase name="verifyRegistrationFunctionalityWithOnlyMandatoryFields" classname="tests.Register2" time="8.798"/>
  <testcase name="verifyRegistrationFunctionalityWithAllFunctionality" classname="tests.Register2" time="4.284"/>
  <testcase name="averifyRegistrationFunctionalityWithNoNewsletter" classname="tests.Register2" time="3.45"/>
  <testcase name="serachWithExistingProductName" classname="tests.Search" time="1.071"/>
  <testcase name="searchWithNonExistingProductName" classname="tests.Search" time="0.646"/>
  <testcase name="searchWithBlankSearchField" classname="tests.Search" time="0.497"/>
  <testcase name="verifyRegistrationFunctionalityWithOnlyMandatoryFields" classname="tests.Register" time="3.293"/>
  <testcase name="averifyRegistrationFunctionalityWithAllFunctionality" classname="tests.Register" time="3.802"/>
  <testcase name="averifyRegistrationFunctionalityWithNoNewsletter" classname="tests.Register" time="3.647"/>
</testsuite>