<?xml version="1.0" encoding="UTF-8"?>
<!-- Generated by org.testng.reporters.JUnitReportReporter -->
<testsuite hostname="LAPTOP-OI4V3QJU" failures="0" tests="3" name="tests.Search" time="8.054" errors="0" timestamp="2025-12-18T00:12:37 IST" skipped="0">
  <testcase classname="tests.Search" name="serachWithExistingProductName" time="2.536"/>
  <testcase classname="tests.Search" name="searchWithNonExistingProductName" time="2.682"/>
  <testcase classname="tests.Search" name="searchWithBlankSearchField" time="2.836"/>
</testsuite> <!-- tests.Search -->
