<?xml version="1.0" encoding="UTF-8"?>
<!-- Generated by org.testng.reporters.JUnitReportReporter -->
<testsuite hostname="LAPTOP-OI4V3QJU" failures="0" tests="3" name="tests.Register2" time="20.532" errors="0" timestamp="2025-12-18T00:12:37 IST" skipped="0">
  <testcase classname="tests.Register2" name="verifyRegistrationFunctionalityWithOnlyMandatoryFields" time="9.855"/>
  <testcase classname="tests.Register2" name="verifyRegistrationFunctionalityWithAllFunctionality" time="5.644"/>
  <testcase classname="tests.Register2" name="averifyRegistrationFunctionalityWithNoNewsletter" time="5.033"/>
</testsuite> <!-- tests.Register2 -->
