<?xml version="1.0" encoding="UTF-8"?>
<!-- Generated by org.testng.reporters.JUnitReportReporter -->
<testsuite hostname="LAPTOP-OI4V3QJU" failures="0" tests="5" name="tests.Login" time="19.308" errors="0" timestamp="2025-12-18T00:12:37 IST" skipped="0">
  <testcase classname="tests.Login" name="loginWithValidCredentials" time="3.855"/>
  <testcase classname="tests.Login" name="loginWithInvalidCredentials" time="4.250"/>
  <testcase classname="tests.Login" name="loginWithInvalidEmailAddress" time="3.905"/>
  <testcase classname="tests.Login" name="loginWithInvalidPassword" time="3.929"/>
  <testcase classname="tests.Login" name="loginWithoutEmailPassword" time="3.369"/>
</testsuite> <!-- tests.Login -->
