<?xml version="1.0" encoding="UTF-8"?>
<!-- Generated by org.testng.reporters.JUnitReportReporter -->
<testsuite hostname="LAPTOP-OI4V3QJU" failures="0" tests="3" name="tests.Register" time="15.211" errors="0" timestamp="2025-12-18T00:12:37 IST" skipped="0">
  <testcase classname="tests.Register" name="verifyRegistrationFunctionalityWithOnlyMandatoryFields" time="5.014"/>
  <testcase classname="tests.Register" name="averifyRegistrationFunctionalityWithAllFunctionality" time="5.132"/>
  <testcase classname="tests.Register" name="averifyRegistrationFunctionalityWithNoNewsletter" time="5.065"/>
</testsuite> <!-- tests.Register -->
