<?xml version="1.0" encoding="UTF-8"?>
<!-- Generated by org.testng.reporters.JUnitReportReporter -->
<testsuite hostname="LAPTOP-OI4V3QJU" failures="0" tests="3" name="practice.LoginTest" time="0.008" errors="0" timestamp="2025-11-21T19:14:33 IST" skipped="0">
  <testcase classname="practice.LoginTest" name="login" time="0.007"/>
  <testcase classname="practice.LoginTest" name="login" time="0.001"/>
  <testcase classname="practice.LoginTest" name="login" time="0.000"/>
</testsuite> <!-- practice.LoginTest -->
