<?xml version="1.0" encoding="UTF-8"?>
<!-- Generated by org.testng.reporters.JUnitReportReporter -->
<testsuite hostname="LAPTOP-OI4V3QJU" failures="0" tests="3" name="tests.Search" time="10.143" errors="0" timestamp="2025-12-31T13:04:59 IST" skipped="0">
  <testcase classname="tests.Search" name="serachWithExistingProductName" time="4.138"/>
  <testcase classname="tests.Search" name="searchWithNonExistingProductName" time="3.184"/>
  <testcase classname="tests.Search" name="searchWithBlankSearchField" time="2.821"/>
</testsuite> <!-- tests.Search -->
