<?xml version="1.0" encoding="UTF-8"?>
<!-- Generated by org.testng.reporters.JUnitReportReporter -->
<testsuite hostname="LAPTOP-OI4V3QJU" failures="0" tests="3" name="tests.Register2" time="28.315" errors="0" timestamp="2025-12-31T13:04:58 IST" skipped="0">
  <testcase classname="tests.Register2" name="verifyRegistrationFunctionalityWithOnlyMandatoryFields" time="11.827"/>
  <testcase classname="tests.Register2" name="verifyRegistrationFunctionalityWithAllFunctionality" time="8.788"/>
  <testcase classname="tests.Register2" name="averifyRegistrationFunctionalityWithNoNewsletter" time="7.700"/>
</testsuite> <!-- tests.Register2 -->
