<?xml version="1.0" encoding="UTF-8"?>
<!-- Generated by org.testng.reporters.JUnitReportReporter -->
<testsuite hostname="LAPTOP-OI4V3QJU" failures="0" tests="3" name="tests.Register" time="21.277" errors="0" timestamp="2025-12-31T13:04:59 IST" skipped="0">
  <testcase classname="tests.Register" name="verifyRegistrationFunctionalityWithOnlyMandatoryFields" time="6.310"/>
  <testcase classname="tests.Register" name="averifyRegistrationFunctionalityWithAllFunctionality" time="7.803"/>
  <testcase classname="tests.Register" name="averifyRegistrationFunctionalityWithNoNewsletter" time="7.164"/>
</testsuite> <!-- tests.Register -->
