<?xml version="1.0" encoding="UTF-8"?>
<!-- Generated by org.testng.reporters.JUnitReportReporter -->
<testsuite hostname="LAPTOP-OI4V3QJU" failures="0" tests="5" name="tests.Login" time="27.004" errors="0" timestamp="2025-12-31T13:04:59 IST" skipped="0">
  <testcase classname="tests.Login" name="loginWithValidCredentials" time="6.093"/>
  <testcase classname="tests.Login" name="loginWithInvalidCredentials" time="4.989"/>
  <testcase classname="tests.Login" name="loginWithInvalidEmailAddress" time="4.815"/>
  <testcase classname="tests.Login" name="loginWithInvalidPassword" time="5.824"/>
  <testcase classname="tests.Login" name="loginWithoutEmailPassword" time="5.283"/>
</testsuite> <!-- tests.Login -->
