<?xml version="1.0" encoding="UTF-8"?>
<!-- Generated by org.testng.reporters.JUnitXMLReporter -->
<testsuite ignored="0" hostname="LAPTOP-OI4V3QJU" failures="0" tests="16" name="Test" time="73.787" errors="0" timestamp="2025-12-18T00:12:37 IST">
  <testcase classname="tests.Logout" name="verifyLogoutfromdropDown" time="2.057"/>
  <testcase classname="tests.Logout" name="verifyLogoutfromMenu" time="1.967"/>
  <testcase classname="tests.Login" name="loginWithValidCredentials" time="1.566"/>
  <testcase classname="tests.Login" name="loginWithInvalidCredentials" time="1.366"/>
  <testcase classname="tests.Login" name="loginWithInvalidEmailAddress" time="1.286"/>
  <testcase classname="tests.Login" name="loginWithInvalidPassword" time="1.182"/>
  <testcase classname="tests.Login" name="loginWithoutEmailPassword" time="0.854"/>
  <testcase classname="tests.Register2" name="verifyRegistrationFunctionalityWithOnlyMandatoryFields" time="7.345"/>
  <testcase classname="tests.Register2" name="verifyRegistrationFunctionalityWithAllFunctionality" time="2.664"/>
  <testcase classname="tests.Register2" name="averifyRegistrationFunctionalityWithNoNewsletter" time="2.522"/>
  <testcase classname="tests.Search" name="serachWithExistingProductName" time="0.635"/>
  <testcase classname="tests.Search" name="searchWithNonExistingProductName" time="0.665"/>
  <testcase classname="tests.Search" name="searchWithBlankSearchField" time="0.361"/>
  <testcase classname="tests.Register" name="verifyRegistrationFunctionalityWithOnlyMandatoryFields" time="2.549"/>
  <testcase classname="tests.Register" name="averifyRegistrationFunctionalityWithAllFunctionality" time="2.466"/>
  <testcase classname="tests.Register" name="averifyRegistrationFunctionalityWithNoNewsletter" time="2.34"/>
</testsuite> <!-- Test -->
